<?xml version="1.0" encoding="UTF-8"?>
<!-- Generated by org.testng.reporters.JUnitReportReporter -->
<testsuite hostname="kruthika" name="com.hrm.scripts.VerifyIncludeListBoxforSortedandDuplicates" tests="1" failures="1" timestamp="24 Feb 2017 15:24:50 GMT" time="9.203" errors="0">
  <testcase name="verifyJobTitleIsSorted" time="9.203" classname="com.hrm.scripts.VerifyIncludeListBoxforSortedandDuplicates">
    <failure type="java.lang.AssertionError" message="ListBox is not Sorted expected [true] but found [false]">
      <![CDATA[java.lang.AssertionError: ListBox is not Sorted expected [true] but found [false]
	at org.testng.Assert.fail(Assert.java:94)
	at org.testng.Assert.failNotEquals(Assert.java:496)
	at org.testng.Assert.assertTrue(Assert.java:42)
	at com.hrm.base.BasePage.verifyListBoxIsSorted(BasePage.java:52)
	at com.hrm.pages.EmpInfoPage.verifyIncludeListBoxIsSorted(EmpInfoPage.java:48)
	at com.hrm.scripts.VerifyIncludeListBoxforSortedandDuplicates.verifyJobTitleIsSorted(VerifyIncludeListBoxforSortedandDuplicates.java:18)
	at sun.reflect.NativeMethodAccessorImpl.invoke0(Native Method)
	at sun.reflect.NativeMethodAccessorImpl.invoke(Unknown Source)
	at sun.reflect.DelegatingMethodAccessorImpl.invoke(Unknown Source)
	at java.lang.reflect.Method.invoke(Unknown Source)
	at org.testng.internal.MethodInvocationHelper.invokeMethod(MethodInvocationHelper.java:85)
	at org.testng.internal.Invoker.invokeMethod(Invoker.java:639)
	at org.testng.internal.Invoker.invokeTestMethod(Invoker.java:816)
	at org.testng.internal.Invoker.invokeTestMethods(Invoker.java:1124)
	at org.testng.internal.TestMethodWorker.invokeTestMethods(TestMethodWorker.java:124)
	at org.testng.internal.TestMethodWorker.run(TestMethodWorker.java:108)
	at org.testng.TestRunner.privateRun(TestRunner.java:773)
	at org.testng.TestRunner.run(TestRunner.java:623)
	at org.testng.SuiteRunner.runTest(SuiteRunner.java:359)
	at org.testng.SuiteRunner.runSequentially(SuiteRunner.java:354)
	at org.testng.SuiteRunner.privateRun(SuiteRunner.java:312)
	at org.testng.SuiteRunner.run(SuiteRunner.java:261)
	at org.testng.SuiteRunnerWorker.runSuite(SuiteRunnerWorker.java:52)
	at org.testng.SuiteRunnerWorker.run(SuiteRunnerWorker.java:86)
	at org.testng.TestNG.runSuitesSequentially(TestNG.java:1185)
	at org.testng.TestNG.runSuitesLocally(TestNG.java:1110)
	at org.testng.TestNG.run(TestNG.java:1018)
	at org.testng.remote.RemoteTestNG.run(RemoteTestNG.java:112)
	at org.testng.remote.RemoteTestNG.initAndRun(RemoteTestNG.java:205)
	at org.testng.remote.RemoteTestNG.main(RemoteTestNG.java:176)
]]>
    </failure>
  </testcase> <!-- verifyJobTitleIsSorted -->
</testsuite> <!-- com.hrm.scripts.VerifyIncludeListBoxforSortedandDuplicates -->
